<?xml version="1.0" encoding="UTF-8"?>
<!-- Generated by org.testng.reporters.JUnitXMLReporter -->
<testsuite name="LoginTest" tests="3" failures="0" timestamp="17 Nov 2016 05:33:19 GMT" time="0.055" errors="0">
  <testcase name="@BeforeTest beforeSuite" time="0.0" classname="com.wbl.tests.LoginPageTest">
    <failure type="java.lang.UnsupportedClassVersionError" message="org/openqa/selenium/WebDriver : Unsupported major.minor version 52.0">
      <![CDATA[java.lang.UnsupportedClassVersionError: org/openqa/selenium/WebDriver : Unsupported major.minor version 52.0
	at java.lang.ClassLoader.defineClass1(Native Method)
	at java.lang.ClassLoader.defineClass(ClassLoader.java:800)
	at java.security.SecureClassLoader.defineClass(SecureClassLoader.java:142)
	at java.net.URLClassLoader.defineClass(URLClassLoader.java:449)
	at java.net.URLClassLoader.access$100(URLClassLoader.java:71)
	at java.net.URLClassLoader$1.run(URLClassLoader.java:361)
	at java.net.URLClassLoader$1.run(URLClassLoader.java:355)
	at java.security.AccessController.doPrivileged(Native Method)
	at java.net.URLClassLoader.findClass(URLClassLoader.java:354)
	at java.lang.ClassLoader.loadClass(ClassLoader.java:425)
	at sun.misc.Launcher$AppClassLoader.loadClass(Launcher.java:308)
	at java.lang.ClassLoader.loadClass(ClassLoader.java:358)
	at com.wbl.common.CommonTest.beforeSuite(CommonTest.java:17)
... Removed 22 stack frames]]>
    </failure>
  </testcase> <!-- @BeforeTest beforeSuite -->
  <testcase name="@BeforeClass beforeClass" time="0.0" classname="com.wbl.tests.LoginPageTest">
    <skipped/>
  </testcase> <!-- @BeforeClass beforeClass -->
  <testcase name="testBreadCrumbs" time="0.004" classname="com.wbl.tests.LoginPageTest">
    <skipped/>
  </testcase> <!-- testBreadCrumbs -->
  <testcase name="testForgotPassword" time="0.004" classname="com.wbl.tests.LoginPageTest">
    <skipped/>
  </testcase> <!-- testForgotPassword -->
  <testcase name="testLogin" time="0.0" classname="com.wbl.tests.LoginPageTest">
    <skipped/>
  </testcase> <!-- testLogin -->
</testsuite> <!-- LoginTest -->
