<?xml version="1.0" encoding="UTF-8"?>
<!-- Generated by org.testng.reporters.JUnitXMLReporter -->
<testsuite name="Test" tests="5" failures="0" timestamp="16 Nov 2016 19:24:28 GMT" time="0.208" errors="0">
  <testcase name="@BeforeSuite beforeSuite" time="0.0" classname="com.wbl.tests.HomePageTest">
    <failure type="java.lang.Error" message="Unresolved compilation problems: 
	The blank final field BROWSER may not have been initialized
	The blank final field URL may not have been initialized
">
      <![CDATA[java.lang.Error: Unresolved compilation problems: 
	The blank final field BROWSER may not have been initialized
	The blank final field URL may not have been initialized

	at com.wbl.helper.ConfigUtils.<init>(ConfigUtils.java:17)
	at com.wbl.common.CommonTest.beforeSuite(CommonTest.java:14)
... Removed 19 stack frames]]>
    </failure>
  </testcase> <!-- @BeforeSuite beforeSuite -->
  <testcase name="@BeforeClass beforeClass" time="0.0" classname="com.wbl.tests.HomePageTest">
    <skipped/>
  </testcase> <!-- @BeforeClass beforeClass -->
  <testcase name="@BeforeClass beforeClass" time="0.0" classname="com.wbl.tests.LoginPageTest">
    <skipped/>
  </testcase> <!-- @BeforeClass beforeClass -->
  <testcase name="testSlides" time="0.0" classname="com.wbl.tests.HomePageTest">
    <skipped/>
  </testcase> <!-- testSlides -->
  <testcase name="testVideo" time="0.0" classname="com.wbl.tests.HomePageTest">
    <skipped/>
  </testcase> <!-- testVideo -->
  <testcase name="testBreadCrumbs" time="0.001" classname="com.wbl.tests.LoginPageTest">
    <skipped/>
  </testcase> <!-- testBreadCrumbs -->
  <testcase name="testForgotPassword" time="0.0" classname="com.wbl.tests.LoginPageTest">
    <skipped/>
  </testcase> <!-- testForgotPassword -->
  <testcase name="testLogin" time="0.0" classname="com.wbl.tests.LoginPageTest">
    <skipped/>
  </testcase> <!-- testLogin -->
</testsuite> <!-- Test -->
