<?xml version="1.0" encoding="UTF-8"?>
<testng-results skipped="2" failed="0" total="2" passed="0">
  <reporter-output>
  </reporter-output>
  <suite name="Suite" duration-ms="338" started-at="2016-11-17T05:35:38Z" finished-at="2016-11-17T05:35:39Z">
    <groups>
    </groups>
    <test name="homeTest" duration-ms="338" started-at="2016-11-17T05:35:38Z" finished-at="2016-11-17T05:35:39Z">
      <class name="com.wbl.tests.HomePageTest">
        <test-method status="FAIL" signature="beforeSuite()[pri:0, instance:com.wbl.tests.HomePageTest@5168400e]" name="beforeSuite" is-config="true" duration-ms="0" started-at="2016-11-16T21:35:38Z" finished-at="2016-11-16T21:35:38Z">
          <exception class="java.lang.UnsupportedClassVersionError">
            <message>
              <![CDATA[org/openqa/selenium/WebDriver : Unsupported major.minor version 52.0]]>
            </message>
            <full-stacktrace>
              <![CDATA[java.lang.UnsupportedClassVersionError: org/openqa/selenium/WebDriver : Unsupported major.minor version 52.0
	at java.lang.ClassLoader.defineClass1(Native Method)
	at java.lang.ClassLoader.defineClass(ClassLoader.java:800)
	at java.security.SecureClassLoader.defineClass(SecureClassLoader.java:142)
	at java.net.URLClassLoader.defineClass(URLClassLoader.java:449)
	at java.net.URLClassLoader.access$100(URLClassLoader.java:71)
	at java.net.URLClassLoader$1.run(URLClassLoader.java:361)
	at java.net.URLClassLoader$1.run(URLClassLoader.java:355)
	at java.security.AccessController.doPrivileged(Native Method)
	at java.net.URLClassLoader.findClass(URLClassLoader.java:354)
	at java.lang.ClassLoader.loadClass(ClassLoader.java:425)
	at sun.misc.Launcher$AppClassLoader.loadClass(Launcher.java:308)
	at java.lang.ClassLoader.loadClass(ClassLoader.java:358)
	at com.wbl.common.CommonTest.beforeSuite(CommonTest.java:17)
	at sun.reflect.NativeMethodAccessorImpl.invoke0(Native Method)
	at sun.reflect.NativeMethodAccessorImpl.invoke(NativeMethodAccessorImpl.java:57)
	at sun.reflect.DelegatingMethodAccessorImpl.invoke(DelegatingMethodAccessorImpl.java:43)
	at java.lang.reflect.Method.invoke(Method.java:606)
	at org.testng.internal.MethodInvocationHelper.invokeMethod(MethodInvocationHelper.java:85)
	at org.testng.internal.Invoker.invokeConfigurationMethod(Invoker.java:510)
	at org.testng.internal.Invoker.invokeConfigurations(Invoker.java:211)
	at org.testng.internal.Invoker.invokeConfigurations(Invoker.java:138)
	at org.testng.TestRunner.beforeRun(TestRunner.java:648)
	at org.testng.TestRunner.run(TestRunner.java:616)
	at org.testng.SuiteRunner.runTest(SuiteRunner.java:359)
	at org.testng.SuiteRunner.runSequentially(SuiteRunner.java:354)
	at org.testng.SuiteRunner.privateRun(SuiteRunner.java:312)
	at org.testng.SuiteRunner.run(SuiteRunner.java:261)
	at org.testng.SuiteRunnerWorker.runSuite(SuiteRunnerWorker.java:52)
	at org.testng.SuiteRunnerWorker.run(SuiteRunnerWorker.java:86)
	at org.testng.TestNG.runSuitesSequentially(TestNG.java:1191)
	at org.testng.TestNG.runSuitesLocally(TestNG.java:1116)
	at org.testng.TestNG.run(TestNG.java:1024)
	at org.testng.remote.AbstractRemoteTestNG.run(AbstractRemoteTestNG.java:132)
	at org.testng.remote.RemoteTestNG.initAndRun(RemoteTestNG.java:236)
	at org.testng.remote.RemoteTestNG.main(RemoteTestNG.java:81)
]]>
            </full-stacktrace>
          </exception> <!-- java.lang.UnsupportedClassVersionError -->
          <reporter-output>
          </reporter-output>
        </test-method> <!-- beforeSuite -->
        <test-method status="SKIP" signature="beforeClass()[pri:0, instance:com.wbl.tests.HomePageTest@5168400e]" name="beforeClass" is-config="true" duration-ms="0" started-at="2016-11-16T21:35:39Z" finished-at="2016-11-16T21:35:39Z">
          <reporter-output>
          </reporter-output>
        </test-method> <!-- beforeClass -->
        <test-method status="SKIP" signature="testSlides()[pri:0, instance:com.wbl.tests.HomePageTest@5168400e]" name="testSlides" duration-ms="4" started-at="2016-11-16T21:35:39Z" finished-at="2016-11-16T21:35:39Z">
          <reporter-output>
          </reporter-output>
        </test-method> <!-- testSlides -->
        <test-method status="SKIP" signature="testVideo()[pri:0, instance:com.wbl.tests.HomePageTest@5168400e]" name="testVideo" duration-ms="5" started-at="2016-11-16T21:35:39Z" finished-at="2016-11-16T21:35:39Z">
          <reporter-output>
          </reporter-output>
        </test-method> <!-- testVideo -->
        <test-method status="SKIP" signature="afterSuite()[pri:0, instance:com.wbl.tests.HomePageTest@5168400e]" name="afterSuite" is-config="true" duration-ms="0" started-at="2016-11-16T21:35:44Z" finished-at="2016-11-16T21:35:44Z">
          <reporter-output>
          </reporter-output>
        </test-method> <!-- afterSuite -->
      </class> <!-- com.wbl.tests.HomePageTest -->
    </test> <!-- homeTest -->
  </suite> <!-- Suite -->
</testng-results>
